{"C:\\Users\\notebook\\Desktop\\advanced\\src\\orderByProps.js": {"path":"C:\\Users\\notebook\\Desktop\\advanced\\src\\orderByProps.js","statementMap":{"0":{"start":{"line":2,"column":23},"end":{"line":2,"column":25}},"1":{"start":{"line":3,"column":20},"end":{"line":3,"column":22}},"2":{"start":{"line":6,"column":2},"end":{"line":10,"column":3}},"3":{"start":{"line":7,"column":4},"end":{"line":9,"column":5}},"4":{"start":{"line":8,"column":6},"end":{"line":8,"column":57}},"5":{"start":{"line":13,"column":2},"end":{"line":17,"column":3}},"6":{"start":{"line":14,"column":4},"end":{"line":16,"column":5}},"7":{"start":{"line":15,"column":6},"end":{"line":15,"column":54}},"8":{"start":{"line":20,"column":2},"end":{"line":20,"column":55}},"9":{"start":{"line":20,"column":27},"end":{"line":20,"column":53}},"10":{"start":{"line":23,"column":2},"end":{"line":23,"column":41}}},"fnMap":{"0":{"name":"orderByProps","decl":{"start":{"line":1,"column":16},"end":{"line":1,"column":28}},"loc":{"start":{"line":1,"column":41},"end":{"line":24,"column":1}},"line":1},"1":{"name":"(anonymous_1)","decl":{"start":{"line":20,"column":17},"end":{"line":20,"column":18}},"loc":{"start":{"line":20,"column":27},"end":{"line":20,"column":53}},"line":20}},"branchMap":{"0":{"loc":{"start":{"line":7,"column":4},"end":{"line":9,"column":5}},"type":"if","locations":[{"start":{"line":7,"column":4},"end":{"line":9,"column":5}},{"start":{},"end":{}}],"line":7},"1":{"loc":{"start":{"line":14,"column":4},"end":{"line":16,"column":5}},"type":"if","locations":[{"start":{"line":14,"column":4},"end":{"line":16,"column":5}},{"start":{},"end":{}}],"line":14}},"s":{"0":4,"1":4,"2":4,"3":6,"4":5,"5":4,"6":15,"7":10,"8":4,"9":10,"10":4},"f":{"0":4,"1":10},"b":{"0":[5,1],"1":[10,5]},"_coverageSchema":"1a1c01bbd47fc00a2c39e90264f33305004495a9","hash":"f1fe8c6c9702ec5c74a063343f4f7d67a500e993"}
}
